Determining if the pthread_create exist failed with the following output:
Change Dir: /home/csmajs/ewong012/assignment-1-we-re-getting-internships-pls-1/CMakeFiles/CMakeTmp

Run Build Command:"/usr/bin/gmake" "cmTC_6b4de/fast"
/usr/bin/gmake -f CMakeFiles/cmTC_6b4de.dir/build.make CMakeFiles/cmTC_6b4de.dir/build
gmake[1]: Entering directory `/home/csmajs/ewong012/assignment-1-we-re-getting-internships-pls-1/CMakeFiles/CMakeTmp'
Building C object CMakeFiles/cmTC_6b4de.dir/CheckSymbolExists.c.o
/usr/bin/cc    -o CMakeFiles/cmTC_6b4de.dir/CheckSymbolExists.c.o   -c /home/csmajs/ewong012/assignment-1-we-re-getting-internships-pls-1/CMakeFiles/CMakeTmp/CheckSymbolExists.c
Linking C executable cmTC_6b4de
/usr/bin/cmake3 -E cmake_link_script CMakeFiles/cmTC_6b4de.dir/link.txt --verbose=1
/usr/bin/cc      -rdynamic CMakeFiles/cmTC_6b4de.dir/CheckSymbolExists.c.o  -o cmTC_6b4de 
CMakeFiles/cmTC_6b4de.dir/CheckSymbolExists.c.o: In function `main':
CheckSymbolExists.c:(.text+0x16): undefined reference to `pthread_create'
collect2: error: ld returned 1 exit status
gmake[1]: *** [cmTC_6b4de] Error 1
gmake[1]: Leaving directory `/home/csmajs/ewong012/assignment-1-we-re-getting-internships-pls-1/CMakeFiles/CMakeTmp'
gmake: *** [cmTC_6b4de/fast] Error 2

File /home/csmajs/ewong012/assignment-1-we-re-getting-internships-pls-1/CMakeFiles/CMakeTmp/CheckSymbolExists.c:
/* */
#include <pthread.h>

int main(int argc, char** argv)
{
  (void)argv;
#ifndef pthread_create
  return ((int*)(&pthread_create))[argc];
#else
  (void)argc;
  return 0;
#endif
}

